TN:
SF:src/core/i18n.js
FN:1,(anonymous_1)
FN:6,(anonymous_2)
FN:18,(anonymous_3)
FN:27,(anonymous_4)
FN:36,(anonymous_5)
FN:45,(anonymous_6)
FN:78,(anonymous_7)
FN:89,(anonymous_8)
FN:97,(anonymous_9)
FN:111,(anonymous_10)
FN:120,(anonymous_11)
FN:123,(anonymous_12)
FN:130,(anonymous_13)
FN:135,(anonymous_14)
FN:136,(anonymous_15)
FN:146,(anonymous_16)
FN:155,(anonymous_17)
FN:178,(anonymous_18)
FN:222,(anonymous_19)
FN:237,(anonymous_20)
FN:240,(anonymous_21)
FN:243,(anonymous_22)
FN:246,(anonymous_23)
FN:249,(anonymous_24)
FN:252,(anonymous_25)
FN:255,(anonymous_26)
FN:269,(anonymous_27)
FN:321,(anonymous_28)
FN:352,(anonymous_29)
FN:355,(anonymous_30)
FN:358,(anonymous_31)
FN:381,(anonymous_32)
FN:408,(anonymous_33)
FN:411,(anonymous_34)
FNF:34
FNH:32
FNDA:1,(anonymous_1)
FNDA:28001,(anonymous_2)
FNDA:480,(anonymous_3)
FNDA:320,(anonymous_4)
FNDA:960,(anonymous_5)
FNDA:1939,(anonymous_6)
FNDA:7360,(anonymous_7)
FNDA:160,(anonymous_8)
FNDA:1601,(anonymous_9)
FNDA:1,(anonymous_10)
FNDA:0,(anonymous_11)
FNDA:1,(anonymous_12)
FNDA:1,(anonymous_13)
FNDA:1,(anonymous_14)
FNDA:1,(anonymous_15)
FNDA:160,(anonymous_16)
FNDA:160,(anonymous_17)
FNDA:160,(anonymous_18)
FNDA:160,(anonymous_19)
FNDA:160,(anonymous_20)
FNDA:160,(anonymous_21)
FNDA:160,(anonymous_22)
FNDA:160,(anonymous_23)
FNDA:160,(anonymous_24)
FNDA:160,(anonymous_25)
FNDA:160,(anonymous_26)
FNDA:160,(anonymous_27)
FNDA:160,(anonymous_28)
FNDA:321,(anonymous_29)
FNDA:637,(anonymous_30)
FNDA:159,(anonymous_31)
FNDA:1,(anonymous_32)
FNDA:0,(anonymous_33)
FNDA:2,(anonymous_34)
DA:1,1
DA:2,1
DA:3,1
DA:4,1
DA:5,1
DA:7,28001
DA:8,28001
DA:9,26062
DA:11,1939
DA:13,28001
DA:14,7360
DA:16,28001
DA:19,480
DA:20,480
DA:21,10240
DA:22,10240
DA:25,480
DA:28,320
DA:29,320
DA:30,9120
DA:31,9120
DA:34,320
DA:37,960
DA:38,960
DA:39,8320
DA:40,8320
DA:43,960
DA:46,1939
DA:47,1939
DA:49,3
DA:50,3
DA:52,3
DA:53,3
DA:55,3
DA:56,3
DA:58,3
DA:59,3
DA:61,160
DA:62,160
DA:64,1767
DA:65,1767
DA:66,1767
DA:67,1767
DA:69,214
DA:70,214
DA:71,214
DA:74,1767
DA:76,1939
DA:79,7360
DA:80,7360
DA:81,6123
DA:83,1237
DA:85,7360
DA:89,1
DA:90,160
DA:91,1600
DA:92,1600
DA:97,1
DA:98,1601
DA:99,1601
DA:100,1601
DA:101,1280
DA:102,960
DA:104,320
DA:107,321
DA:111,1
DA:113,1
DA:114,1
DA:115,1
DA:116,1
DA:118,1
DA:119,1
DA:123,1
DA:124,1
DA:125,1
DA:126,1
DA:130,1
DA:131,1
DA:134,1
DA:136,1
DA:137,1
DA:138,1
DA:145,1
DA:147,160
DA:148,160
DA:149,1600
DA:150,1600
DA:153,160
DA:156,160
DA:176,160
DA:179,160
DA:220,160
DA:223,160
DA:224,160
DA:225,160
DA:226,6240
DA:227,6240
DA:230,160
DA:231,2880
DA:232,2880
DA:235,160
DA:238,160
DA:241,160
DA:244,160
DA:247,160
DA:250,160
DA:253,160
DA:256,160
DA:270,160
DA:321,1
DA:322,160
DA:333,160
DA:346,160
DA:347,160
DA:348,160
DA:351,1
DA:353,321
DA:356,637
DA:359,159
DA:360,159
DA:361,157
DA:362,157
DA:363,157
DA:364,157
DA:366,2
DA:367,2
DA:369,0
DA:370,0
DA:371,0
DA:372,0
DA:373,0
DA:376,0
DA:378,2
DA:380,1
DA:381,1
DA:382,1
DA:383,1
DA:384,1
DA:385,1
DA:386,1
DA:387,1
DA:388,1
DA:390,1
DA:391,1
DA:395,1
DA:396,1
DA:400,158
DA:401,158
DA:402,158
DA:404,158
DA:405,156
DA:409,0
DA:412,2
DA:415,1
LF:154
LH:147
BRDA:3,1,0,0
BRDA:3,1,1,1
BRDA:8,2,0,26062
BRDA:8,2,1,1939
BRDA:8,3,0,28001
BRDA:8,3,1,27824
BRDA:8,3,2,27475
BRDA:13,4,0,7360
BRDA:13,4,1,20641
BRDA:21,5,0,10240
BRDA:21,5,1,0
BRDA:30,6,0,9120
BRDA:30,6,1,0
BRDA:39,7,0,8320
BRDA:39,7,1,0
BRDA:47,8,0,3
BRDA:47,8,1,3
BRDA:47,8,2,3
BRDA:47,8,3,3
BRDA:47,8,4,160
BRDA:47,8,5,1767
BRDA:67,9,0,214
BRDA:67,9,1,1553
BRDA:67,10,0,1767
BRDA:67,10,1,214
BRDA:70,11,0,214
BRDA:70,11,1,0
BRDA:70,12,0,214
BRDA:70,12,1,36
BRDA:80,13,0,6123
BRDA:80,13,1,1237
BRDA:80,14,0,7360
BRDA:80,14,1,7314
BRDA:80,14,2,7222
BRDA:91,15,0,1600
BRDA:91,15,1,0
BRDA:98,16,0,0
BRDA:98,16,1,1601
BRDA:100,17,0,1280
BRDA:100,17,1,321
BRDA:101,18,0,960
BRDA:101,18,1,320
BRDA:114,19,0,1
BRDA:114,19,1,0
BRDA:124,20,0,1
BRDA:124,20,1,0
BRDA:124,21,0,1
BRDA:124,21,1,1
BRDA:124,21,2,0
BRDA:124,21,3,0
BRDA:137,22,0,1
BRDA:137,22,1,0
BRDA:149,23,0,1600
BRDA:149,23,1,0
BRDA:226,24,0,6240
BRDA:226,24,1,0
BRDA:231,25,0,2880
BRDA:231,25,1,0
BRDA:356,26,0,637
BRDA:356,26,1,9
BRDA:360,27,0,157
BRDA:360,27,1,2
BRDA:360,28,0,159
BRDA:360,28,1,158
BRDA:360,28,2,158
BRDA:360,28,3,157
BRDA:362,29,0,157
BRDA:362,29,1,0
BRDA:366,30,0,2
BRDA:366,30,1,0
BRDA:366,31,0,2
BRDA:366,31,1,1
BRDA:367,32,0,0
BRDA:367,32,1,2
BRDA:367,33,0,2
BRDA:367,33,1,0
BRDA:378,34,0,1
BRDA:378,34,1,1
BRDA:378,35,0,2
BRDA:378,35,1,2
BRDA:383,36,0,1
BRDA:383,36,1,0
BRDA:387,37,0,1
BRDA:387,37,1,0
BRDA:390,38,0,1
BRDA:390,38,1,0
BRDA:401,39,0,158
BRDA:401,39,1,0
BRDA:404,40,0,156
BRDA:404,40,1,2
BRDA:404,41,0,158
BRDA:404,41,1,157
BRF:92
BRH:69
end_of_record
TN:
SF:src/core/core.js
FN:1,(anonymous_1)
FN:4,(anonymous_2)
FN:16,(anonymous_3)
FN:17,(anonymous_4)
FN:22,(anonymous_5)
FN:35,now
FN:42,(anonymous_7)
FN:51,(anonymous_8)
FN:76,(anonymous_9)
FN:84,(anonymous_10)
FN:94,(anonymous_11)
FN:110,(anonymous_12)
FN:119,(anonymous_13)
FN:128,(anonymous_14)
FN:143,(anonymous_15)
FN:158,(anonymous_16)
FN:167,(anonymous_17)
FN:177,(anonymous_18)
FN:185,(anonymous_19)
FN:189,(anonymous_20)
FN:201,(anonymous_21)
FN:223,(anonymous_22)
FN:229,(anonymous_23)
FN:237,(anonymous_24)
FN:257,(anonymous_25)
FN:266,(anonymous_26)
FN:275,(anonymous_27)
FN:284,(anonymous_28)
FN:293,(anonymous_29)
FN:303,(anonymous_30)
FN:312,(anonymous_31)
FN:321,(anonymous_32)
FN:334,(anonymous_33)
FN:338,(anonymous_34)
FNF:34
FNH:31
FNDA:1,(anonymous_1)
FNDA:15,(anonymous_2)
FNDA:0,(anonymous_3)
FNDA:0,(anonymous_4)
FNDA:5,(anonymous_5)
FNDA:1,now
FNDA:4,(anonymous_7)
FNDA:3,(anonymous_8)
FNDA:2094,(anonymous_9)
FNDA:4,(anonymous_10)
FNDA:408,(anonymous_11)
FNDA:398,(anonymous_12)
FNDA:2,(anonymous_13)
FNDA:26,(anonymous_14)
FNDA:24,(anonymous_15)
FNDA:2,(anonymous_16)
FNDA:591,(anonymous_17)
FNDA:588,(anonymous_18)
FNDA:0,(anonymous_19)
FNDA:6,(anonymous_20)
FNDA:7,(anonymous_21)
FNDA:15,(anonymous_22)
FNDA:2,(anonymous_23)
FNDA:369,(anonymous_24)
FNDA:1,(anonymous_25)
FNDA:3,(anonymous_26)
FNDA:5,(anonymous_27)
FNDA:30,(anonymous_28)
FNDA:119,(anonymous_29)
FNDA:1,(anonymous_30)
FNDA:139,(anonymous_31)
FNDA:71,(anonymous_32)
FNDA:3,(anonymous_33)
FNDA:2,(anonymous_34)
DA:1,1
DA:2,1
DA:5,15
DA:6,15
DA:8,15
DA:11,1
DA:12,1
DA:15,0
DA:20,1
DA:22,1
DA:34,5
DA:35,1
DA:36,1
DA:38,4
DA:39,2
DA:42,5
DA:43,4
DA:44,3
DA:46,1
DA:50,5
DA:51,1
DA:52,3
DA:64,5
DA:65,2
DA:69,1
DA:76,1
DA:77,2094
DA:84,1
DA:85,4
DA:94,1
DA:95,408
DA:96,5
DA:97,403
DA:98,401
DA:100,2
DA:110,1
DA:111,398
DA:119,1
DA:120,2
DA:128,1
DA:129,26
DA:130,26
DA:131,105
DA:132,24
DA:135,2
DA:143,1
DA:144,24
DA:145,24
DA:146,163
DA:147,23
DA:150,1
DA:158,1
DA:159,2
DA:167,1
DA:168,591
DA:177,1
DA:178,588
DA:179,12
DA:180,12
DA:182,588
DA:185,1
DA:186,0
DA:189,1
DA:190,6
DA:191,6
DA:192,166
DA:193,166
DA:194,5
DA:198,1
DA:201,1
DA:202,7
DA:203,7
DA:204,7
DA:205,399
DA:206,8
DA:209,7
DA:210,1
DA:212,6
DA:213,5
DA:215,1
DA:216,2
DA:217,1
DA:223,1
DA:224,15
DA:225,15
DA:226,15
DA:229,1
DA:230,2
DA:231,2
DA:232,2
DA:233,2
DA:237,1
DA:238,369
DA:239,369
DA:240,1
DA:241,368
DA:242,1
DA:243,367
DA:247,28
DA:249,339
DA:257,1
DA:258,1
DA:266,1
DA:267,3
DA:275,1
DA:276,5
DA:284,1
DA:285,30
DA:293,1
DA:294,119
DA:295,119
DA:303,1
DA:304,1
DA:312,1
DA:313,139
DA:321,1
DA:332,71
DA:334,1
DA:335,3
DA:336,3
DA:338,1
DA:340,2
LF:122
LH:120
BRDA:5,1,0,15
BRDA:5,1,1,0
BRDA:11,2,0,1
BRDA:11,2,1,0
BRDA:11,3,0,1
BRDA:11,3,1,1
BRDA:11,3,2,1
BRDA:20,4,0,1
BRDA:20,4,1,0
BRDA:34,5,0,1
BRDA:34,5,1,4
BRDA:38,6,0,2
BRDA:38,6,1,2
BRDA:43,7,0,3
BRDA:43,7,1,1
BRDA:50,8,0,1
BRDA:50,8,1,4
BRDA:64,9,0,2
BRDA:64,9,1,3
BRDA:95,10,0,5
BRDA:95,10,1,403
BRDA:95,11,0,408
BRDA:95,11,1,405
BRDA:97,12,0,401
BRDA:97,12,1,2
BRDA:97,13,0,403
BRDA:97,13,1,403
BRDA:98,14,0,4
BRDA:98,14,1,397
BRDA:98,15,0,4
BRDA:98,15,1,393
BRDA:131,16,0,24
BRDA:131,16,1,81
BRDA:131,17,0,105
BRDA:131,17,1,97
BRDA:131,17,2,88
BRDA:146,18,0,23
BRDA:146,18,1,140
BRDA:146,19,0,163
BRDA:146,19,1,151
BRDA:168,20,0,591
BRDA:168,20,1,29
BRDA:168,20,2,562
BRDA:178,21,0,12
BRDA:178,21,1,576
BRDA:178,22,0,588
BRDA:178,22,1,38
BRDA:182,23,0,28
BRDA:182,23,1,560
BRDA:190,24,0,1
BRDA:190,24,1,5
BRDA:190,25,0,6
BRDA:190,25,1,5
BRDA:192,26,0,166
BRDA:192,26,1,0
BRDA:193,27,0,5
BRDA:193,27,1,161
BRDA:203,28,0,0
BRDA:203,28,1,7
BRDA:205,29,0,8
BRDA:205,29,1,391
BRDA:209,30,0,1
BRDA:209,30,1,6
BRDA:212,31,0,5
BRDA:212,31,1,1
BRDA:212,32,0,6
BRDA:212,32,1,2
BRDA:216,33,0,1
BRDA:216,33,1,1
BRDA:224,34,0,15
BRDA:224,34,1,0
BRDA:230,35,0,2
BRDA:230,35,1,0
BRDA:238,36,0,369
BRDA:238,36,1,0
BRDA:239,37,0,1
BRDA:239,37,1,368
BRDA:241,38,0,1
BRDA:241,38,1,367
BRDA:243,39,0,28
BRDA:243,39,1,339
BRDA:243,40,0,367
BRDA:243,40,1,366
BRDA:294,41,0,0
BRDA:294,41,1,119
BRDA:294,42,0,119
BRDA:294,42,1,119
BRDA:294,42,2,119
BRDA:294,42,3,119
BRDA:340,43,0,2
BRDA:340,43,1,2
BRF:91
BRH:82
end_of_record
TN:
SF:src/core/core-prototypes.js
FN:1,(anonymous_1)
FN:4,(anonymous_2)
FN:11,(anonymous_3)
FN:13,(anonymous_4)
FN:38,(anonymous_5)
FN:50,(anonymous_6)
FN:62,(anonymous_7)
FN:71,(anonymous_8)
FN:80,(anonymous_9)
FN:90,(anonymous_10)
FN:99,(anonymous_11)
FN:108,(anonymous_12)
FN:123,(anonymous_13)
FN:132,(anonymous_14)
FN:143,(anonymous_15)
FN:153,(anonymous_16)
FN:163,(anonymous_17)
FN:173,(anonymous_18)
FN:184,(anonymous_19)
FN:217,(anonymous_20)
FN:228,(anonymous_21)
FN:237,(anonymous_22)
FN:250,(anonymous_23)
FN:266,(anonymous_24)
FN:314,(anonymous_25)
FN:349,(anonymous_26)
FN:358,(anonymous_27)
FN:370,(anonymous_28)
FN:375,(anonymous_29)
FN:379,(anonymous_30)
FN:389,(anonymous_31)
FN:421,(anonymous_32)
FN:422,(anonymous_33)
FN:445,(anonymous_34)
FN:453,(anonymous_35)
FN:461,(anonymous_36)
FN:465,(anonymous_37)
FN:470,(anonymous_38)
FN:478,(anonymous_39)
FN:486,(anonymous_40)
FN:494,(anonymous_41)
FN:510,(anonymous_42)
FN:526,(anonymous_43)
FN:562,(anonymous_44)
FN:570,(anonymous_45)
FN:631,(anonymous_46)
FN:647,(anonymous_47)
FN:677,(anonymous_48)
FN:678,(anonymous_49)
FN:755,(anonymous_50)
FNF:50
FNH:50
FNDA:1,(anonymous_1)
FNDA:4331,(anonymous_2)
FNDA:151,(anonymous_3)
FNDA:335,(anonymous_4)
FNDA:2100,(anonymous_5)
FNDA:3,(anonymous_6)
FNDA:25,(anonymous_7)
FNDA:408,(anonymous_8)
FNDA:398,(anonymous_9)
FNDA:1,(anonymous_10)
FNDA:2,(anonymous_11)
FNDA:2,(anonymous_12)
FNDA:2,(anonymous_13)
FNDA:155,(anonymous_14)
FNDA:70,(anonymous_15)
FNDA:48,(anonymous_16)
FNDA:37,(anonymous_17)
FNDA:1851,(anonymous_18)
FNDA:14,(anonymous_19)
FNDA:55,(anonymous_20)
FNDA:413,(anonymous_21)
FNDA:1,(anonymous_22)
FNDA:190,(anonymous_23)
FNDA:508,(anonymous_24)
FNDA:86,(anonymous_25)
FNDA:2,(anonymous_26)
FNDA:3,(anonymous_27)
FNDA:1,(anonymous_28)
FNDA:14,(anonymous_29)
FNDA:1,(anonymous_30)
FNDA:15,(anonymous_31)
FNDA:2,(anonymous_32)
FNDA:1183,(anonymous_33)
FNDA:1,(anonymous_34)
FNDA:1,(anonymous_35)
FNDA:1,(anonymous_36)
FNDA:5,(anonymous_37)
FNDA:1,(anonymous_38)
FNDA:3,(anonymous_39)
FNDA:7,(anonymous_40)
FNDA:3,(anonymous_41)
FNDA:19,(anonymous_42)
FNDA:151,(anonymous_43)
FNDA:11,(anonymous_44)
FNDA:10,(anonymous_45)
FNDA:7,(anonymous_46)
FNDA:1470,(anonymous_47)
FNDA:1498,(anonymous_48)
FNDA:4446,(anonymous_49)
FNDA:2958,(anonymous_50)
DA:1,1
DA:2,1
DA:5,4331
DA:6,2871
DA:8,4331
DA:11,1
DA:12,151
DA:13,151
DA:14,335
DA:15,119
DA:16,119
DA:17,119
DA:19,216
DA:22,151
DA:23,565
DA:24,565
DA:26,565
DA:27,330
DA:31,150
DA:38,1
DA:39,2100
DA:40,2100
DA:41,2100
DA:42,2100
DA:43,2100
DA:50,1
DA:51,3
DA:52,3
DA:53,3
DA:54,3
DA:55,3
DA:56,3
DA:62,1
DA:63,25
DA:71,1
DA:72,408
DA:80,1
DA:81,398
DA:90,1
DA:91,1
DA:99,1
DA:100,2
DA:108,1
DA:109,2
DA:123,1
DA:124,2
DA:132,1
DA:133,155
DA:134,155
DA:135,155
DA:143,1
DA:144,70
DA:145,70
DA:153,1
DA:154,48
DA:155,46
DA:163,1
DA:164,37
DA:165,37
DA:173,1
DA:174,1851
DA:175,1841
DA:176,1841
DA:184,1
DA:185,14
DA:186,12
DA:187,12
DA:188,12
DA:189,4
DA:190,2
DA:191,2
DA:192,2
DA:196,12
DA:197,5
DA:198,11
DA:199,11
DA:200,11
DA:201,5
DA:204,5
DA:205,7
DA:206,2
DA:209,7
DA:217,1
DA:218,55
DA:219,54
DA:228,1
DA:229,413
DA:230,396
DA:231,396
DA:232,396
DA:233,396
DA:234,396
DA:237,1
DA:238,1
DA:242,1
DA:250,1
DA:251,190
DA:252,174
DA:266,1
DA:267,508
DA:268,83
DA:269,83
DA:272,425
DA:274,425
DA:277,0
DA:278,0
DA:281,425
DA:282,1
DA:284,425
DA:285,31
DA:287,425
DA:288,31
DA:290,425
DA:291,31
DA:293,425
DA:294,1
DA:296,425
DA:297,109
DA:299,425
DA:300,109
DA:302,425
DA:303,119
DA:305,425
DA:314,1
DA:316,86
DA:317,86
DA:318,2
DA:319,2
DA:321,84
DA:325,86
DA:329,86
DA:331,86
DA:334,86
DA:336,86
DA:337,86
DA:341,86
DA:349,1
DA:350,2
DA:358,1
DA:359,3
DA:360,1
DA:361,0
DA:363,1
DA:366,2
DA:370,1
DA:371,1
DA:372,1
DA:375,1
DA:376,14
DA:379,1
DA:380,1
DA:389,1
DA:390,15
DA:391,5
DA:392,2
DA:393,2
DA:394,2
DA:396,3
DA:397,2
DA:398,2
DA:399,1
DA:402,1
DA:404,4
DA:406,10
DA:407,10
DA:408,8
DA:410,2
DA:411,2
DA:412,2
DA:413,1
DA:415,2
DA:417,8
DA:421,1
DA:422,2
DA:423,1183
DA:424,1183
DA:433,1
DA:440,1
DA:445,1
DA:446,1
DA:447,1
DA:453,1
DA:454,1
DA:461,1
DA:462,1
DA:465,1
DA:466,5
DA:467,5
DA:470,1
DA:471,1
DA:478,1
DA:479,3
DA:486,1
DA:487,7
DA:494,1
DA:495,3
DA:496,3
DA:497,2
DA:498,2
DA:500,1
DA:501,1
DA:510,1
DA:511,19
DA:526,1
DA:527,151
DA:528,150
DA:529,150
DA:530,330
DA:531,330
DA:532,330
DA:533,330
DA:534,226
DA:536,330
DA:537,330
DA:538,330
DA:539,100
DA:540,230
DA:541,69
DA:543,330
DA:544,177
DA:545,153
DA:546,34
DA:551,150
DA:552,119
DA:555,150
DA:562,1
DA:563,11
DA:570,1
DA:571,10
DA:631,1
DA:632,7
DA:636,1
DA:639,1
DA:642,1
DA:644,4
DA:647,1
DA:648,1470
DA:649,1470
DA:651,1450
DA:653,1
DA:655,1
DA:657,1
DA:660,2
DA:661,2
DA:663,1
DA:665,1
DA:667,1
DA:669,1
DA:670,1
DA:672,1
DA:674,10
DA:677,1
DA:678,1498
DA:679,4446
DA:680,3
DA:682,4443
DA:684,2
DA:686,4
DA:688,5
DA:690,1
DA:692,11
DA:694,1
DA:696,7
DA:698,1
DA:700,1460
DA:702,2
DA:704,0
DA:707,3
DA:709,3
DA:711,1424
DA:713,39
DA:715,5
DA:717,3
DA:719,1418
DA:721,37
DA:723,1
DA:725,5
DA:727,6
DA:729,2
DA:731,1
DA:733,1
DA:735,1
DA:737,0
DA:740,0
DA:742,0
DA:744,0
DA:746,0
DA:749,0
DA:751,0
DA:755,1
DA:759,2958
DA:760,1470
DA:761,1470
DA:762,1460
DA:765,1498
DA:766,1498
LF:296
LH:285
BRDA:5,1,0,2871
BRDA:5,1,1,1460
BRDA:14,2,0,119
BRDA:14,2,1,216
BRDA:15,3,0,96
BRDA:15,3,1,23
BRDA:16,4,0,67
BRDA:16,4,1,52
BRDA:23,5,0,565
BRDA:23,5,1,0
BRDA:26,6,0,330
BRDA:26,6,1,234
BRDA:26,7,0,565
BRDA:26,7,1,336
BRDA:26,7,2,335
BRDA:81,8,0,398
BRDA:81,8,1,0
BRDA:91,9,0,1
BRDA:91,9,1,1
BRDA:100,10,0,2
BRDA:100,10,1,0
BRDA:109,11,0,2
BRDA:109,11,1,0
BRDA:124,12,0,2
BRDA:124,12,1,1
BRDA:133,13,0,0
BRDA:133,13,1,155
BRDA:144,14,0,0
BRDA:144,14,1,70
BRDA:154,15,0,2
BRDA:154,15,1,46
BRDA:164,16,0,0
BRDA:164,16,1,37
BRDA:174,17,0,10
BRDA:174,17,1,1841
BRDA:185,18,0,2
BRDA:185,18,1,12
BRDA:188,19,0,4
BRDA:188,19,1,8
BRDA:188,20,0,12
BRDA:188,20,1,9
BRDA:189,21,0,2
BRDA:189,21,1,2
BRDA:196,22,0,5
BRDA:196,22,1,7
BRDA:200,23,0,5
BRDA:200,23,1,6
BRDA:200,24,0,11
BRDA:200,24,1,9
BRDA:205,25,0,2
BRDA:205,25,1,5
BRDA:205,26,0,7
BRDA:205,26,1,7
BRDA:218,27,0,1
BRDA:218,27,1,54
BRDA:229,28,0,17
BRDA:229,28,1,396
BRDA:238,29,0,0
BRDA:238,29,1,1
BRDA:251,30,0,16
BRDA:251,30,1,174
BRDA:267,31,0,83
BRDA:267,31,1,425
BRDA:274,32,0,0
BRDA:274,32,1,425
BRDA:277,33,0,0
BRDA:277,33,1,0
BRDA:281,34,0,1
BRDA:281,34,1,424
BRDA:284,35,0,31
BRDA:284,35,1,394
BRDA:287,36,0,31
BRDA:287,36,1,394
BRDA:290,37,0,31
BRDA:290,37,1,394
BRDA:293,38,0,1
BRDA:293,38,1,424
BRDA:296,39,0,109
BRDA:296,39,1,316
BRDA:299,40,0,109
BRDA:299,40,1,316
BRDA:302,41,0,119
BRDA:302,41,1,306
BRDA:317,42,0,2
BRDA:317,42,1,84
BRDA:336,43,0,86
BRDA:336,43,1,0
BRDA:359,44,0,1
BRDA:359,44,1,2
BRDA:360,45,0,0
BRDA:360,45,1,1
BRDA:361,46,0,0
BRDA:361,46,1,0
BRDA:366,47,0,1
BRDA:366,47,1,1
BRDA:390,48,0,5
BRDA:390,48,1,10
BRDA:391,49,0,2
BRDA:391,49,1,3
BRDA:393,50,0,2
BRDA:393,50,1,0
BRDA:396,51,0,2
BRDA:396,51,1,1
BRDA:398,52,0,1
BRDA:398,52,1,1
BRDA:407,53,0,8
BRDA:407,53,1,2
BRDA:410,54,0,2
BRDA:410,54,1,0
BRDA:412,55,0,1
BRDA:412,55,1,1
BRDA:423,56,0,1183
BRDA:423,56,1,1
BRDA:424,57,0,168
BRDA:424,57,1,1015
BRDA:424,58,0,168
BRDA:424,58,1,0
BRDA:467,59,0,5
BRDA:467,59,1,0
BRDA:467,60,0,5
BRDA:467,60,1,1
BRDA:495,61,0,3
BRDA:495,61,1,1
BRDA:496,62,0,2
BRDA:496,62,1,1
BRDA:511,63,0,19
BRDA:511,63,1,0
BRDA:530,64,0,330
BRDA:530,64,1,0
BRDA:533,65,0,226
BRDA:533,65,1,104
BRDA:533,66,0,330
BRDA:533,66,1,329
BRDA:533,66,2,229
BRDA:533,66,3,228
BRDA:538,67,0,100
BRDA:538,67,1,230
BRDA:540,68,0,69
BRDA:540,68,1,161
BRDA:543,69,0,177
BRDA:543,69,1,153
BRDA:543,70,0,330
BRDA:543,70,1,211
BRDA:543,70,2,210
BRDA:543,70,3,208
BRDA:543,70,4,207
BRDA:545,71,0,34
BRDA:545,71,1,119
BRDA:545,72,0,153
BRDA:545,72,1,152
BRDA:545,72,2,150
BRDA:545,72,3,149
BRDA:551,73,0,119
BRDA:551,73,1,31
BRDA:632,74,0,1
BRDA:632,74,1,1
BRDA:632,74,2,1
BRDA:632,74,3,1
BRDA:632,74,4,1
BRDA:632,74,5,1
BRDA:632,74,6,1
BRDA:632,74,7,4
BRDA:649,75,0,1450
BRDA:649,75,1,1
BRDA:649,75,2,1
BRDA:649,75,3,1
BRDA:649,75,4,1
BRDA:649,75,5,2
BRDA:649,75,6,1
BRDA:649,75,7,1
BRDA:649,75,8,1
BRDA:649,75,9,1
BRDA:649,75,10,1
BRDA:649,75,11,10
BRDA:679,76,0,3
BRDA:679,76,1,4443
BRDA:682,77,0,2
BRDA:682,77,1,4
BRDA:682,77,2,5
BRDA:682,77,3,1
BRDA:682,77,4,11
BRDA:682,77,5,1
BRDA:682,77,6,7
BRDA:682,77,7,1
BRDA:682,77,8,1460
BRDA:682,77,9,2
BRDA:682,77,10,0
BRDA:682,77,11,0
BRDA:682,77,12,3
BRDA:682,77,13,3
BRDA:682,77,14,1424
BRDA:682,77,15,39
BRDA:682,77,16,5
BRDA:682,77,17,3
BRDA:682,77,18,1418
BRDA:682,77,19,37
BRDA:682,77,20,1
BRDA:682,77,21,5
BRDA:682,77,22,6
BRDA:682,77,23,2
BRDA:682,77,24,1
BRDA:682,77,25,1
BRDA:682,77,26,1
BRDA:682,77,27,0
BRDA:682,77,28,0
BRDA:682,77,29,0
BRDA:682,77,30,0
BRDA:682,77,31,0
BRDA:682,77,32,0
BRDA:682,77,33,0
BRDA:682,77,34,0
BRDA:684,78,0,2
BRDA:684,78,1,0
BRDA:684,79,0,2
BRDA:684,79,1,0
BRDA:686,80,0,4
BRDA:686,80,1,0
BRDA:686,81,0,4
BRDA:686,81,1,0
BRDA:723,82,0,1
BRDA:723,82,1,0
BRDA:725,83,0,5
BRDA:725,83,1,0
BRDA:746,84,0,0
BRDA:746,84,1,0
BRDA:759,85,0,1470
BRDA:759,85,1,1488
BRDA:759,86,0,2958
BRDA:759,86,1,2958
BRDA:759,86,2,2944
BRDA:761,87,0,1460
BRDA:761,87,1,10
BRDA:766,88,0,1484
BRDA:766,88,1,14
BRF:234
BRH:195
end_of_record
TN:
SF:src/core/sugarpak.js
FN:5,(anonymous_1)
FN:39,(anonymous_2)
FN:58,(anonymous_3)
FN:75,(anonymous_4)
FN:94,(anonymous_5)
FN:110,(anonymous_6)
FN:150,(anonymous_7)
FN:168,(anonymous_8)
FN:181,(anonymous_9)
FN:203,(anonymous_10)
FN:224,(anonymous_11)
FN:243,(anonymous_12)
FN:264,(anonymous_13)
FN:296,(anonymous_14)
FN:320,(anonymous_15)
FN:327,(anonymous_16)
FN:328,(anonymous_17)
FN:366,(anonymous_18)
FN:367,(anonymous_19)
FN:379,(anonymous_20)
FN:380,(anonymous_21)
FN:389,(anonymous_22)
FN:390,(anonymous_23)
FN:395,(anonymous_24)
FN:411,(anonymous_25)
FN:412,(anonymous_26)
FN:451,(anonymous_27)
FN:452,(anonymous_28)
FN:471,(anonymous_29)
FN:472,(anonymous_30)
FNF:30
FNH:30
FNDA:1,(anonymous_1)
FNDA:24,(anonymous_2)
FNDA:7,(anonymous_3)
FNDA:1137,(anonymous_4)
FNDA:7,(anonymous_5)
FNDA:34,(anonymous_6)
FNDA:5,(anonymous_7)
FNDA:3,(anonymous_8)
FNDA:13,(anonymous_9)
FNDA:3,(anonymous_10)
FNDA:1,(anonymous_11)
FNDA:1,(anonymous_12)
FNDA:1,(anonymous_13)
FNDA:10,(anonymous_14)
FNDA:1,(anonymous_15)
FNDA:8,(anonymous_16)
FNDA:1179,(anonymous_17)
FNDA:7,(anonymous_18)
FNDA:8,(anonymous_19)
FNDA:12,(anonymous_20)
FNDA:17,(anonymous_21)
FNDA:12,(anonymous_22)
FNDA:12,(anonymous_23)
FNDA:2,(anonymous_24)
FNDA:10,(anonymous_25)
FNDA:89,(anonymous_26)
FNDA:9,(anonymous_27)
FNDA:2,(anonymous_28)
FNDA:6,(anonymous_29)
FNDA:5,(anonymous_30)
DA:5,1
DA:6,1
DA:9,1
DA:12,1
DA:15,1
DA:18,1
DA:21,1
DA:24,1
DA:39,1
DA:40,24
DA:41,24
DA:42,24
DA:58,1
DA:59,7
DA:75,1
DA:76,1137
DA:77,1137
DA:78,1137
DA:94,1
DA:95,7
DA:110,1
DA:111,34
DA:112,34
DA:150,1
DA:151,5
DA:152,5
DA:153,5
DA:168,1
DA:169,3
DA:181,1
DA:182,13
DA:183,1
DA:185,12
DA:186,4
DA:188,8
DA:189,7
DA:190,7
DA:192,1
DA:203,1
DA:204,3
DA:205,2
DA:206,2
DA:208,1
DA:224,1
DA:225,1
DA:243,1
DA:244,1
DA:245,1
DA:246,1
DA:264,1
DA:265,1
DA:267,1
DA:268,1
DA:273,1
DA:296,1
DA:297,10
DA:298,10
DA:299,100
DA:300,90
DA:303,10
DA:320,1
DA:321,1
DA:322,1
DA:327,1
DA:328,8
DA:329,1179
DA:330,20
DA:331,20
DA:333,1159
DA:334,1159
DA:347,4
DA:348,3
DA:351,4
DA:353,4
DA:354,4
DA:355,4
DA:356,4
DA:357,4
DA:358,1
DA:360,3
DA:362,1155
DA:366,1
DA:367,7
DA:368,8
DA:369,8
DA:370,0
DA:372,8
DA:379,1
DA:380,12
DA:381,17
DA:382,2
DA:383,2
DA:385,15
DA:389,1
DA:390,12
DA:391,12
DA:395,1
DA:396,2
DA:398,19
DA:400,19
DA:402,19
DA:407,1
DA:408,1
DA:411,1
DA:412,10
DA:415,89
DA:416,0
DA:417,0
DA:420,89
DA:421,5
DA:422,5
DA:428,5
DA:430,5
DA:431,31
DA:432,31
DA:433,1
DA:435,30
DA:436,4
DA:439,4
DA:442,84
DA:443,7
DA:445,84
DA:446,84
DA:451,1
DA:452,9
DA:453,2
DA:454,2
DA:458,1
DA:459,10
DA:460,10
DA:462,9
DA:465,9
DA:469,1
DA:471,1
DA:472,6
DA:473,5
DA:474,0
DA:476,5
DA:477,0
DA:479,5
DA:482,5
DA:483,4
DA:484,4
DA:486,1
DA:490,1
DA:491,6
LF:146
LH:141
BRDA:182,1,0,1
BRDA:182,1,1,12
BRDA:185,2,0,4
BRDA:185,2,1,8
BRDA:188,3,0,7
BRDA:188,3,1,1
BRDA:190,4,0,7
BRDA:190,4,1,7
BRDA:204,5,0,2
BRDA:204,5,1,1
BRDA:206,6,0,2
BRDA:206,6,1,2
BRDA:225,7,0,1
BRDA:225,7,1,0
BRDA:246,8,0,1
BRDA:246,8,1,0
BRDA:266,9,0,0
BRDA:266,9,1,1
BRDA:268,10,0,1
BRDA:268,10,1,0
BRDA:299,11,0,90
BRDA:299,11,1,10
BRDA:329,12,0,20
BRDA:329,12,1,1159
BRDA:333,13,0,1155
BRDA:333,13,1,4
BRDA:334,14,0,4
BRDA:334,14,1,1155
BRDA:347,15,0,3
BRDA:347,15,1,1
BRDA:357,16,0,1
BRDA:357,16,1,3
BRDA:369,17,0,0
BRDA:369,17,1,8
BRDA:369,18,0,8
BRDA:369,18,1,0
BRDA:369,18,2,0
BRDA:381,19,0,2
BRDA:381,19,1,15
BRDA:415,20,0,0
BRDA:415,20,1,89
BRDA:420,21,0,5
BRDA:420,21,1,84
BRDA:423,22,0,5
BRDA:423,22,1,3
BRDA:428,23,0,5
BRDA:428,23,1,0
BRDA:432,24,0,1
BRDA:432,24,1,30
BRDA:435,25,0,4
BRDA:435,25,1,26
BRDA:442,26,0,7
BRDA:442,26,1,77
BRDA:445,27,0,2
BRDA:445,27,1,82
BRDA:460,28,0,9
BRDA:460,28,1,1
BRDA:473,29,0,0
BRDA:473,29,1,5
BRDA:476,30,0,0
BRDA:476,30,1,5
BRDA:476,31,0,5
BRDA:476,31,1,5
BRDA:482,32,0,4
BRDA:482,32,1,1
BRDA:482,33,0,5
BRDA:482,33,1,4
BRDA:482,33,2,0
BRDA:491,34,0,1
BRDA:491,34,1,5
BRF:70
BRH:58
end_of_record
TN:
SF:src/core/format_parser.js
FN:1,(anonymous_1)
FN:4,(anonymous_2)
FN:14,(anonymous_3)
FN:19,(anonymous_4)
FN:34,(anonymous_5)
FN:43,(anonymous_6)
FN:57,(anonymous_7)
FN:72,(anonymous_8)
FN:85,(anonymous_9)
FN:99,(anonymous_10)
FN:117,(anonymous_11)
FN:137,(anonymous_12)
FN:140,(anonymous_13)
FN:144,(anonymous_14)
FN:147,(anonymous_15)
FN:150,(anonymous_16)
FN:171,(anonymous_17)
FN:180,(anonymous_18)
FN:183,(anonymous_19)
FN:191,(anonymous_20)
FN:205,(anonymous_21)
FN:227,(anonymous_22)
FN:243,(anonymous_23)
FN:245,(anonymous_24)
FN:279,(anonymous_25)
FN:293,(anonymous_26)
FN:316,(anonymous_27)
FN:329,(anonymous_28)
FN:336,(anonymous_29)
FN:340,(anonymous_30)
FN:344,(anonymous_31)
FN:345,(anonymous_32)
FN:349,(anonymous_33)
FN:353,(anonymous_34)
FN:359,(anonymous_35)
FNF:35
FNH:33
FNDA:1,(anonymous_1)
FNDA:39302,(anonymous_2)
FNDA:84,(anonymous_3)
FNDA:530,(anonymous_4)
FNDA:17,(anonymous_5)
FNDA:31,(anonymous_6)
FNDA:21,(anonymous_7)
FNDA:84,(anonymous_8)
FNDA:960,(anonymous_9)
FNDA:80,(anonymous_10)
FNDA:80,(anonymous_11)
FNDA:48,(anonymous_12)
FNDA:17,(anonymous_13)
FNDA:52,(anonymous_14)
FNDA:40,(anonymous_15)
FNDA:29,(anonymous_16)
FNDA:160,(anonymous_17)
FNDA:1120,(anonymous_18)
FNDA:1440,(anonymous_19)
FNDA:160,(anonymous_20)
FNDA:84,(anonymous_21)
FNDA:454,(anonymous_22)
FNDA:573,(anonymous_23)
FNDA:375,(anonymous_24)
FNDA:160,(anonymous_25)
FNDA:160,(anonymous_26)
FNDA:160,(anonymous_27)
FNDA:160,(anonymous_28)
FNDA:5,(anonymous_29)
FNDA:4,(anonymous_30)
FNDA:0,(anonymous_31)
FNDA:0,(anonymous_32)
FNDA:160,(anonymous_33)
FNDA:530,(anonymous_34)
FNDA:530,(anonymous_35)
DA:1,1
DA:3,1
DA:5,39302
DA:8,1
DA:9,1
DA:14,1
DA:15,84
DA:18,1
DA:20,530
DA:21,530
DA:22,13780
DA:23,13780
DA:24,13780
DA:27,13780
DA:29,13780
DA:32,530
DA:35,17
DA:36,17
DA:37,17
DA:38,17
DA:39,17
DA:40,17
DA:41,17
DA:44,31
DA:45,17
DA:47,31
DA:48,403
DA:49,31
DA:50,31
DA:52,372
DA:55,31
DA:58,21
DA:59,21
DA:61,16
DA:63,5
DA:64,5
DA:65,2
DA:67,5
DA:69,21
DA:70,21
DA:73,84
DA:74,84
DA:75,84
DA:76,84
DA:77,84
DA:78,84
DA:80,53
DA:81,53
DA:83,84
DA:86,960
DA:87,960
DA:88,400
DA:89,240
DA:91,160
DA:93,560
DA:94,400
DA:96,160
DA:100,80
DA:101,80
DA:102,1200
DA:103,1200
DA:106,80
DA:107,8
DA:108,8
DA:109,4
DA:110,4
DA:111,4
DA:113,8
DA:115,80
DA:118,80
DA:138,48
DA:141,17
DA:142,17
DA:145,52
DA:148,40
DA:151,29
DA:169,80
DA:172,160
DA:173,160
DA:174,160
DA:175,160
DA:176,1440
DA:178,160
DA:181,1120
DA:184,1440
DA:185,320
DA:186,1120
DA:187,1120
DA:192,160
DA:193,160
DA:194,160
DA:195,1440
DA:196,1120
DA:198,320
DA:201,160
DA:205,1
DA:206,84
DA:208,84
DA:209,84
DA:211,84
DA:212,31
DA:214,53
DA:217,84
DA:219,84
DA:220,21
DA:222,84
DA:225,1
DA:228,454
DA:229,454
DA:230,374
DA:233,80
DA:235,80
DA:236,0
DA:238,80
DA:242,1
DA:243,573
DA:246,375
DA:249,375
DA:251,368
DA:253,7
DA:254,1
DA:255,1
DA:257,6
DA:258,6
DA:259,2
DA:261,4
DA:262,12
DA:264,4
DA:265,4
DA:267,4
DA:268,4
DA:270,4
DA:271,4
DA:274,4
DA:278,1
DA:280,160
DA:281,160
DA:294,160
DA:295,160
DA:317,160
DA:330,160
DA:331,160
DA:332,160
DA:333,160
DA:335,160
DA:337,5
DA:341,4
DA:342,4
DA:344,0
DA:345,0
DA:350,160
DA:351,160
DA:354,530
DA:355,2120
DA:357,530
DA:360,530
DA:361,530
DA:363,530
DA:364,530
DA:365,530
DA:371,0
DA:372,0
DA:377,530
DA:380,1
LF:164
LH:159
BRDA:15,1,0,84
BRDA:15,1,1,2
BRDA:15,1,2,82
BRDA:22,2,0,13780
BRDA:22,2,1,0
BRDA:24,3,0,0
BRDA:24,3,1,13780
BRDA:27,4,0,13250
BRDA:27,4,1,530
BRDA:36,5,0,0
BRDA:36,5,1,17
BRDA:36,6,0,17
BRDA:36,6,1,0
BRDA:38,7,0,1
BRDA:38,7,1,16
BRDA:40,8,0,0
BRDA:40,8,1,17
BRDA:44,9,0,17
BRDA:44,9,1,14
BRDA:48,10,0,31
BRDA:48,10,1,372
BRDA:48,11,0,403
BRDA:48,11,1,403
BRDA:49,12,0,0
BRDA:49,12,1,31
BRDA:59,13,0,16
BRDA:59,13,1,5
BRDA:59,14,0,21
BRDA:59,14,1,6
BRDA:59,14,2,1
BRDA:63,15,0,5
BRDA:63,15,1,5
BRDA:64,16,0,2
BRDA:64,16,1,3
BRDA:73,17,0,84
BRDA:73,17,1,1
BRDA:74,18,0,84
BRDA:74,18,1,21
BRDA:75,19,0,84
BRDA:75,19,1,29
BRDA:76,20,0,84
BRDA:76,20,1,41
BRDA:77,21,0,84
BRDA:77,21,1,55
BRDA:78,22,0,53
BRDA:78,22,1,31
BRDA:78,23,0,84
BRDA:78,23,1,34
BRDA:78,23,2,17
BRDA:80,24,0,53
BRDA:80,24,1,3
BRDA:81,25,0,53
BRDA:81,25,1,11
BRDA:87,26,0,400
BRDA:87,26,1,560
BRDA:88,27,0,240
BRDA:88,27,1,160
BRDA:89,28,0,121
BRDA:89,28,1,119
BRDA:91,29,0,65
BRDA:91,29,1,95
BRDA:93,30,0,400
BRDA:93,30,1,160
BRDA:94,31,0,214
BRDA:94,31,1,186
BRDA:96,32,0,9
BRDA:96,32,1,151
BRDA:96,33,0,160
BRDA:96,33,1,9
BRDA:102,34,0,1200
BRDA:102,34,1,0
BRDA:103,35,0,240
BRDA:103,35,1,960
BRDA:106,36,0,8
BRDA:106,36,1,72
BRDA:108,37,0,4
BRDA:108,37,1,4
BRDA:110,38,0,4
BRDA:110,38,1,0
BRDA:142,39,0,0
BRDA:142,39,1,17
BRDA:184,40,0,320
BRDA:184,40,1,1120
BRDA:186,41,0,1120
BRDA:186,41,1,0
BRDA:195,42,0,1120
BRDA:195,42,1,320
BRDA:209,43,0,2
BRDA:209,43,1,82
BRDA:211,44,0,31
BRDA:211,44,1,53
BRDA:211,45,0,84
BRDA:211,45,1,34
BRDA:211,45,2,17
BRDA:219,46,0,21
BRDA:219,46,1,63
BRDA:229,47,0,374
BRDA:229,47,1,80
BRDA:229,48,0,454
BRDA:229,48,1,80
BRDA:235,49,0,0
BRDA:235,49,1,80
BRDA:235,50,0,80
BRDA:235,50,1,80
BRDA:235,50,2,0
BRDA:235,50,3,0
BRDA:235,50,4,0
BRDA:235,50,5,0
BRDA:243,51,0,573
BRDA:243,51,1,82
BRDA:249,52,0,368
BRDA:249,52,1,7
BRDA:249,53,0,375
BRDA:249,53,1,7
BRDA:249,53,2,0
BRDA:253,54,0,1
BRDA:253,54,1,6
BRDA:253,55,0,7
BRDA:253,55,1,2
BRDA:253,55,2,1
BRDA:258,56,0,2
BRDA:258,56,1,4
BRDA:258,57,0,6
BRDA:258,57,1,4
BRDA:262,58,0,4
BRDA:262,58,1,4
BRDA:262,58,2,4
BRDA:337,59,0,4
BRDA:337,59,1,1
BRDA:365,60,0,0
BRDA:365,60,1,530
BRDA:365,61,0,530
BRDA:365,61,1,158
BRDA:365,61,2,40
BRDA:365,61,3,2
BRDA:371,62,0,0
BRDA:371,62,1,0
BRF:137
BRH:118
end_of_record
TN:
SF:src/core/parsing_operators.js
FN:1,(anonymous_1)
FN:7,(anonymous_2)
FN:8,(anonymous_3)
FN:17,(anonymous_4)
FN:18,(anonymous_5)
FN:22,(anonymous_6)
FN:28,(anonymous_7)
FN:29,(anonymous_8)
FN:44,(anonymous_9)
FN:45,(anonymous_10)
FN:61,(anonymous_11)
FN:62,(anonymous_12)
FN:72,(anonymous_13)
FN:73,(anonymous_14)
FN:82,(anonymous_15)
FN:84,(anonymous_16)
FN:90,(anonymous_17)
FN:98,(anonymous_18)
FN:100,(anonymous_19)
FN:112,(anonymous_20)
FN:130,(anonymous_21)
FN:132,(anonymous_22)
FN:150,(anonymous_23)
FN:152,(anonymous_24)
FN:169,(anonymous_25)
FN:175,(anonymous_26)
FN:182,(anonymous_27)
FN:221,(anonymous_28)
FN:224,(anonymous_29)
FN:229,(anonymous_30)
FN:236,(anonymous_31)
FN:239,(anonymous_32)
FN:357,(anonymous_33)
FN:358,(anonymous_34)
FN:366,(anonymous_35)
FN:367,(anonymous_36)
FN:372,(anonymous_37)
FN:373,(anonymous_38)
FN:378,(anonymous_39)
FN:379,(anonymous_40)
FN:412,(anonymous_41)
FN:413,gen
FN:442,(anonymous_43)
FN:443,(anonymous_44)
FNF:44
FNH:31
FNDA:1,(anonymous_1)
FNDA:10780,(anonymous_2)
FNDA:25714,(anonymous_3)
FNDA:0,(anonymous_4)
FNDA:0,(anonymous_5)
FNDA:217,(anonymous_6)
FNDA:0,(anonymous_7)
FNDA:0,(anonymous_8)
FNDA:160,(anonymous_9)
FNDA:20,(anonymous_10)
FNDA:480,(anonymous_11)
FNDA:646,(anonymous_12)
FNDA:480,(anonymous_13)
FNDA:356,(anonymous_14)
FNDA:376,(anonymous_15)
FNDA:1104,(anonymous_16)
FNDA:0,(anonymous_17)
FNDA:4000,(anonymous_18)
FNDA:15483,(anonymous_19)
FNDA:15483,(anonymous_20)
FNDA:1601,(anonymous_21)
FNDA:5498,(anonymous_22)
FNDA:1140,(anonymous_23)
FNDA:14052,(anonymous_24)
FNDA:0,(anonymous_25)
FNDA:160,(anonymous_26)
FNDA:469,(anonymous_27)
FNDA:0,(anonymous_28)
FNDA:0,(anonymous_29)
FNDA:0,(anonymous_30)
FNDA:2340,(anonymous_31)
FNDA:2917,(anonymous_32)
FNDA:0,(anonymous_33)
FNDA:0,(anonymous_34)
FNDA:5440,(anonymous_35)
FNDA:16998,(anonymous_36)
FNDA:5300,(anonymous_37)
FNDA:18800,(anonymous_38)
FNDA:0,(anonymous_39)
FNDA:0,(anonymous_40)
FNDA:4,(anonymous_41)
FNDA:5336,gen
FNDA:3,(anonymous_43)
FNDA:2741,(anonymous_44)
DA:1,1
DA:2,1
DA:3,1
DA:8,10780
DA:9,25714
DA:10,25714
DA:11,4104
DA:13,21610
DA:18,0
DA:19,0
DA:23,217
DA:29,0
DA:30,0
DA:31,0
DA:32,0
DA:33,0
DA:35,0
DA:36,0
DA:37,0
DA:39,0
DA:41,0
DA:45,160
DA:46,20
DA:47,20
DA:48,147
DA:49,147
DA:51,0
DA:53,147
DA:54,147
DA:56,20
DA:62,480
DA:63,646
DA:64,646
DA:65,646
DA:67,646
DA:69,0
DA:73,480
DA:74,356
DA:75,356
DA:77,350
DA:79,6
DA:83,376
DA:85,1104
DA:86,1104
DA:87,43
DA:91,0
DA:93,0
DA:94,0
DA:96,0
DA:99,4000
DA:100,4000
DA:101,15483
DA:103,0
DA:104,0
DA:105,0
DA:106,0
DA:107,0
DA:112,4000
DA:113,15483
DA:114,15483
DA:115,15483
DA:117,5153
DA:119,15483
DA:120,15483
DA:121,15483
DA:122,14556
DA:124,927
DA:131,1601
DA:132,1601
DA:133,5498
DA:134,5498
DA:135,31059
DA:136,0
DA:138,31059
DA:139,31059
DA:141,29340
DA:143,31059
DA:144,1719
DA:147,3779
DA:151,1140
DA:152,1140
DA:153,14052
DA:154,14052
DA:155,15582
DA:156,0
DA:158,15582
DA:159,15582
DA:161,13450
DA:163,2132
DA:164,2132
DA:166,602
DA:170,0
DA:171,0
DA:176,160
DA:177,160
DA:179,160
DA:180,0
DA:182,160
DA:183,469
DA:184,469
DA:185,469
DA:186,471
DA:187,471
DA:189,457
DA:191,14
DA:192,14
DA:193,14
DA:195,12
DA:196,12
DA:198,2
DA:200,469
DA:201,457
DA:203,12
DA:204,0
DA:206,12
DA:207,0
DA:208,0
DA:210,0
DA:213,12
DA:222,0
DA:223,0
DA:224,0
DA:225,0
DA:226,0
DA:230,0
DA:231,0
DA:232,0
DA:237,2340
DA:238,2340
DA:239,2340
DA:242,2917
DA:244,2917
DA:248,6399
DA:249,6399
DA:250,6399
DA:251,6399
DA:254,6399
DA:255,6399
DA:257,3427
DA:261,2972
DA:267,2972
DA:268,1922
DA:269,1922
DA:271,542
DA:274,1050
DA:280,2972
DA:281,0
DA:288,2972
DA:291,1380
DA:292,1380
DA:293,7872
DA:294,6492
DA:301,1380
DA:305,1380
DA:310,1341
DA:311,1341
DA:320,2972
DA:321,2469
DA:325,2972
DA:326,2301
DA:335,2917
DA:336,508
DA:340,2409
DA:343,528
DA:344,528
DA:346,0
DA:350,528
DA:354,2409
DA:358,0
DA:359,0
DA:367,5440
DA:368,16998
DA:369,1169
DA:373,5300
DA:374,18800
DA:375,2744
DA:379,0
DA:380,0
DA:381,0
DA:382,0
DA:384,0
DA:412,1
DA:413,1
DA:414,5336
DA:415,5336
DA:416,0
DA:417,5336
DA:418,0
DA:420,5336
DA:421,0
DA:422,0
DA:423,0
DA:424,0
DA:425,0
DA:426,0
DA:429,5336
DA:433,4
DA:436,1
DA:438,1
DA:439,4
DA:442,1
DA:443,3
DA:444,2741
DA:445,0
DA:447,2741
DA:452,1
DA:454,1
DA:455,3
LF:208
LH:150
BRDA:10,1,0,4104
BRDA:10,1,1,21610
BRDA:83,2,0,376
BRDA:83,2,1,0
BRDA:99,3,0,4000
BRDA:99,3,1,4000
BRDA:101,4,0,0
BRDA:101,4,1,15483
BRDA:105,5,0,0
BRDA:105,5,1,0
BRDA:115,6,0,15483
BRDA:115,6,1,5571
BRDA:121,7,0,14556
BRDA:121,7,1,927
BRDA:135,8,0,0
BRDA:135,8,1,31059
BRDA:143,9,0,1719
BRDA:143,9,1,29340
BRDA:155,10,0,0
BRDA:155,10,1,15582
BRDA:176,11,0,160
BRDA:176,11,1,0
BRDA:177,12,0,160
BRDA:177,12,1,160
BRDA:179,13,0,0
BRDA:179,13,1,160
BRDA:200,14,0,457
BRDA:200,14,1,12
BRDA:203,15,0,0
BRDA:203,15,1,12
BRDA:206,16,0,0
BRDA:206,16,1,12
BRDA:213,17,0,12
BRDA:213,17,1,0
BRDA:222,18,0,0
BRDA:222,18,1,0
BRDA:230,19,0,0
BRDA:230,19,1,0
BRDA:231,20,0,0
BRDA:231,20,1,0
BRDA:232,21,0,0
BRDA:232,21,1,0
BRDA:237,22,0,2340
BRDA:237,22,1,320
BRDA:238,23,0,2340
BRDA:238,23,1,2180
BRDA:267,24,0,1922
BRDA:267,24,1,1050
BRDA:267,25,0,2972
BRDA:267,25,1,1922
BRDA:280,26,0,0
BRDA:280,26,1,2972
BRDA:280,27,0,2972
BRDA:280,27,1,1380
BRDA:288,28,0,1380
BRDA:288,28,1,1592
BRDA:293,29,0,6492
BRDA:293,29,1,1380
BRDA:305,30,0,1341
BRDA:305,30,1,39
BRDA:320,31,0,2469
BRDA:320,31,1,503
BRDA:325,32,0,2301
BRDA:325,32,1,671
BRDA:335,33,0,508
BRDA:335,33,1,2409
BRDA:340,34,0,528
BRDA:340,34,1,1881
BRDA:381,35,0,0
BRDA:381,35,1,0
BRDA:415,36,0,0
BRDA:415,36,1,5336
BRDA:417,37,0,0
BRDA:417,37,1,5336
BRDA:420,38,0,0
BRDA:420,38,1,5336
BRDA:422,39,0,0
BRDA:422,39,1,0
BRDA:444,40,0,0
BRDA:444,40,1,2741
BRF:80
BRH:52
end_of_record
TN:
SF:src/core/parsing_translator.js
FN:1,(anonymous_1)
FN:4,(anonymous_2)
FN:18,(anonymous_3)
FN:32,(anonymous_4)
FN:67,(anonymous_5)
FN:74,(anonymous_6)
FN:82,(anonymous_7)
FN:91,(anonymous_8)
FN:100,(anonymous_9)
FN:110,(anonymous_10)
FN:121,(anonymous_11)
FN:122,(anonymous_12)
FN:126,(anonymous_13)
FN:127,(anonymous_14)
FN:131,(anonymous_15)
FN:132,(anonymous_16)
FN:137,(anonymous_17)
FN:138,(anonymous_18)
FN:144,(anonymous_19)
FN:145,(anonymous_20)
FN:149,(anonymous_21)
FN:150,(anonymous_22)
FN:159,(anonymous_23)
FN:161,(anonymous_24)
FN:168,(anonymous_25)
FN:169,(anonymous_26)
FN:176,(anonymous_27)
FN:177,(anonymous_28)
FN:183,(anonymous_29)
FN:184,(anonymous_30)
FN:202,(anonymous_31)
FN:231,(anonymous_32)
FNF:32
FNH:28
FNDA:1,(anonymous_1)
FNDA:1327,(anonymous_2)
FNDA:577,(anonymous_3)
FNDA:49,(anonymous_4)
FNDA:528,(anonymous_5)
FNDA:2,(anonymous_6)
FNDA:108,(anonymous_7)
FNDA:1,(anonymous_8)
FNDA:528,(anonymous_9)
FNDA:35,(anonymous_10)
FNDA:12,(anonymous_11)
FNDA:17,(anonymous_12)
FNDA:2,(anonymous_13)
FNDA:3,(anonymous_14)
FNDA:0,(anonymous_15)
FNDA:0,(anonymous_16)
FNDA:0,(anonymous_17)
FNDA:0,(anonymous_18)
FNDA:4,(anonymous_19)
FNDA:11,(anonymous_20)
FNDA:2,(anonymous_21)
FNDA:2,(anonymous_22)
FNDA:169,(anonymous_23)
FNDA:109,(anonymous_24)
FNDA:154,(anonymous_25)
FNDA:68,(anonymous_26)
FNDA:50,(anonymous_27)
FNDA:72,(anonymous_28)
FNDA:230,(anonymous_29)
FNDA:222,(anonymous_30)
FNDA:49,(anonymous_31)
FNDA:530,(anonymous_32)
DA:1,1
DA:2,1
DA:4,1
DA:5,1327
DA:6,1327
DA:7,2853
DA:8,797
DA:10,2056
DA:11,1822
DA:15,1327
DA:18,1
DA:19,577
DA:20,11
DA:21,0
DA:22,11
DA:23,0
DA:24,11
DA:25,7
DA:26,4
DA:27,0
DA:32,1
DA:33,49
DA:34,49
DA:35,0
DA:38,49
DA:39,42
DA:42,49
DA:43,49
DA:46,49
DA:47,7
DA:50,49
DA:51,49
DA:54,49
DA:55,49
DA:58,49
DA:59,49
DA:61,49
DA:62,49
DA:66,1
DA:68,528
DA:69,91
DA:71,437
DA:75,2
DA:76,2
DA:77,2
DA:78,2
DA:79,2
DA:80,2
DA:83,108
DA:84,108
DA:85,108
DA:86,108
DA:87,108
DA:88,108
DA:89,108
DA:92,1
DA:93,1
DA:94,1
DA:95,1
DA:97,1
DA:98,1
DA:101,528
DA:102,0
DA:103,528
DA:104,525
DA:105,80
DA:107,525
DA:111,35
DA:112,35
DA:113,35
DA:114,1
DA:116,35
DA:120,1
DA:122,12
DA:123,17
DA:127,2
DA:128,3
DA:132,0
DA:133,0
DA:138,0
DA:139,0
DA:140,0
DA:141,0
DA:145,4
DA:146,11
DA:150,2
DA:151,2
DA:152,2
DA:153,0
DA:155,2
DA:160,169
DA:161,169
DA:162,109
DA:163,109
DA:164,0
DA:169,154
DA:170,68
DA:171,68
DA:172,0
DA:177,50
DA:178,72
DA:179,72
DA:184,230
DA:185,222
DA:187,0
DA:188,0
DA:190,0
DA:191,0
DA:193,221
DA:194,221
DA:196,1
DA:197,1
DA:198,1
DA:203,49
DA:204,49
DA:206,49
DA:207,49
DA:208,49
DA:212,49
DA:213,49
DA:215,49
DA:216,2
DA:219,47
DA:220,47
DA:221,0
DA:223,47
DA:224,0
DA:225,47
DA:226,0
DA:229,47
DA:232,530
DA:234,530
DA:236,530
DA:237,2
DA:240,528
DA:241,1822
DA:242,1822
DA:245,528
DA:246,0
DA:248,528
DA:251,528
DA:252,528
DA:254,528
DA:255,1
DA:256,1
DA:257,1
DA:260,528
DA:261,0
DA:262,0
DA:264,0
DA:265,0
DA:268,528
DA:269,1
DA:272,528
DA:273,2
DA:276,528
DA:277,0
DA:278,0
DA:279,0
DA:280,0
DA:284,528
DA:285,0
DA:286,0
DA:288,0
DA:291,528
DA:292,0
DA:295,528
DA:296,0
DA:297,0
DA:298,0
DA:302,528
DA:303,108
DA:304,108
DA:307,528
DA:308,108
DA:311,528
DA:312,77
DA:315,528
DA:316,528
DA:318,528
DA:319,0
DA:322,528
DA:323,0
DA:326,528
DA:327,35
DA:330,493
DA:331,0
DA:334,493
DA:335,422
DA:337,71
DA:340,493
DA:341,2
DA:342,2
DA:343,2
DA:344,2
DA:346,2
DA:347,2
DA:349,1
DA:350,0
DA:352,1
DA:356,2
DA:359,493
LF:202
LH:161
BRDA:7,1,0,797
BRDA:7,1,1,2056
BRDA:10,2,0,1822
BRDA:10,2,1,234
BRDA:19,3,0,11
BRDA:19,3,1,566
BRDA:19,4,0,577
BRDA:19,4,1,11
BRDA:19,4,2,0
BRDA:20,5,0,0
BRDA:20,5,1,11
BRDA:20,6,0,11
BRDA:20,6,1,4
BRDA:20,6,2,0
BRDA:22,7,0,0
BRDA:22,7,1,11
BRDA:22,8,0,11
BRDA:22,8,1,7
BRDA:22,8,2,7
BRDA:24,9,0,7
BRDA:24,9,1,4
BRDA:24,10,0,11
BRDA:24,10,1,7
BRDA:26,11,0,0
BRDA:26,11,1,4
BRDA:26,12,0,4
BRDA:26,12,1,4
BRDA:34,13,0,0
BRDA:34,13,1,49
BRDA:34,14,0,49
BRDA:34,14,1,49
BRDA:34,14,2,0
BRDA:34,14,3,0
BRDA:34,14,4,0
BRDA:38,15,0,42
BRDA:38,15,1,7
BRDA:42,16,0,49
BRDA:42,16,1,0
BRDA:42,17,0,49
BRDA:42,17,1,49
BRDA:46,18,0,7
BRDA:46,18,1,42
BRDA:50,19,0,49
BRDA:50,19,1,0
BRDA:54,20,0,49
BRDA:54,20,1,0
BRDA:58,21,0,49
BRDA:58,21,1,0
BRDA:61,22,0,49
BRDA:61,22,1,0
BRDA:68,23,0,91
BRDA:68,23,1,437
BRDA:68,24,0,528
BRDA:68,24,1,527
BRDA:76,25,0,2
BRDA:76,25,1,0
BRDA:79,26,0,2
BRDA:79,26,1,0
BRDA:84,27,0,108
BRDA:84,27,1,0
BRDA:87,28,0,108
BRDA:87,28,1,0
BRDA:94,29,0,1
BRDA:94,29,1,0
BRDA:101,30,0,0
BRDA:101,30,1,528
BRDA:101,31,0,528
BRDA:101,31,1,83
BRDA:101,31,2,6
BRDA:101,31,3,6
BRDA:101,31,4,0
BRDA:102,32,0,0
BRDA:102,32,1,0
BRDA:102,33,0,0
BRDA:102,33,1,0
BRDA:103,34,0,525
BRDA:103,34,1,3
BRDA:103,35,0,528
BRDA:103,35,1,187
BRDA:104,36,0,80
BRDA:104,36,1,445
BRDA:111,37,0,3
BRDA:111,37,1,32
BRDA:113,38,0,1
BRDA:113,38,1,34
BRDA:152,39,0,0
BRDA:152,39,1,2
BRDA:163,40,0,0
BRDA:163,40,1,109
BRDA:170,41,0,37
BRDA:170,41,1,31
BRDA:171,42,0,0
BRDA:171,42,1,68
BRDA:179,43,0,59
BRDA:179,43,1,13
BRDA:180,44,0,1
BRDA:180,44,1,12
BRDA:185,45,0,0
BRDA:185,45,1,0
BRDA:185,45,2,221
BRDA:185,45,3,1
BRDA:204,46,0,49
BRDA:204,46,1,0
BRDA:207,47,0,49
BRDA:207,47,1,0
BRDA:215,48,0,2
BRDA:215,48,1,47
BRDA:220,49,0,0
BRDA:220,49,1,47
BRDA:223,50,0,0
BRDA:223,50,1,47
BRDA:225,51,0,0
BRDA:225,51,1,47
BRDA:234,52,0,530
BRDA:234,52,1,0
BRDA:236,53,0,2
BRDA:236,53,1,528
BRDA:241,54,0,1822
BRDA:241,54,1,0
BRDA:245,55,0,0
BRDA:245,55,1,528
BRDA:245,56,0,528
BRDA:245,56,1,1
BRDA:245,56,2,0
BRDA:251,57,0,528
BRDA:251,57,1,0
BRDA:251,57,2,528
BRDA:251,57,3,522
BRDA:252,58,0,228
BRDA:252,58,1,300
BRDA:252,59,0,528
BRDA:252,59,1,525
BRDA:254,60,0,1
BRDA:254,60,1,527
BRDA:254,61,0,528
BRDA:254,61,1,68
BRDA:260,62,0,0
BRDA:260,62,1,528
BRDA:260,63,0,528
BRDA:260,63,1,461
BRDA:260,63,2,67
BRDA:261,64,0,0
BRDA:261,64,1,0
BRDA:268,65,0,1
BRDA:268,65,1,527
BRDA:268,66,0,528
BRDA:268,66,1,71
BRDA:268,66,2,5
BRDA:268,66,3,1
BRDA:272,67,0,2
BRDA:272,67,1,526
BRDA:272,68,0,528
BRDA:272,68,1,457
BRDA:272,68,2,5
BRDA:272,68,3,5
BRDA:276,69,0,0
BRDA:276,69,1,528
BRDA:276,70,0,528
BRDA:276,70,1,10
BRDA:276,70,2,7
BRDA:276,70,3,2
BRDA:279,71,0,0
BRDA:279,71,1,0
BRDA:284,72,0,0
BRDA:284,72,1,528
BRDA:284,73,0,528
BRDA:284,73,1,68
BRDA:284,73,2,0
BRDA:285,74,0,0
BRDA:285,74,1,0
BRDA:291,75,0,0
BRDA:291,75,1,528
BRDA:291,76,0,528
BRDA:291,76,1,451
BRDA:291,76,2,0
BRDA:295,77,0,0
BRDA:295,77,1,528
BRDA:295,78,0,528
BRDA:295,78,1,68
BRDA:295,78,2,0
BRDA:297,79,0,0
BRDA:297,79,1,0
BRDA:302,80,0,108
BRDA:302,80,1,420
BRDA:302,81,0,528
BRDA:302,81,1,460
BRDA:302,81,2,445
BRDA:302,81,3,108
BRDA:307,82,0,108
BRDA:307,82,1,420
BRDA:307,83,0,528
BRDA:307,83,1,457
BRDA:307,83,2,349
BRDA:307,83,3,108
BRDA:311,84,0,77
BRDA:311,84,1,451
BRDA:318,85,0,0
BRDA:318,85,1,528
BRDA:318,86,0,528
BRDA:318,86,1,460
BRDA:318,86,2,68
BRDA:322,87,0,0
BRDA:322,87,1,528
BRDA:322,88,0,528
BRDA:322,88,1,522
BRDA:322,88,2,71
BRDA:322,88,3,0
BRDA:322,88,4,0
BRDA:322,88,5,0
BRDA:326,89,0,35
BRDA:326,89,1,493
BRDA:326,90,0,528
BRDA:326,90,1,35
BRDA:326,90,2,35
BRDA:326,90,3,35
BRDA:330,91,0,0
BRDA:330,91,1,493
BRDA:330,92,0,493
BRDA:330,92,1,422
BRDA:330,92,2,0
BRDA:330,92,3,0
BRDA:334,93,0,422
BRDA:334,93,1,71
BRDA:340,94,0,2
BRDA:340,94,1,491
BRDA:344,95,0,2
BRDA:344,95,1,0
BRDA:347,96,0,1
BRDA:347,96,1,1
BRDA:349,97,0,0
BRDA:349,97,1,1
BRF:231
BRH:165
end_of_record
TN:
SF:src/core/parsing_grammar.js
FN:1,(anonymous_1)
FN:6,(anonymous_2)
FN:16,(anonymous_3)
FN:28,(anonymous_4)
FN:31,(anonymous_5)
FN:38,(anonymous_6)
FN:43,(anonymous_7)
FN:48,(anonymous_8)
FN:60,(anonymous_9)
FN:73,(anonymous_10)
FN:128,(anonymous_11)
FN:130,(anonymous_12)
FN:174,(anonymous_13)
FN:175,(anonymous_14)
FN:189,(anonymous_15)
FN:193,(anonymous_16)
FN:196,(anonymous_17)
FN:197,(anonymous_18)
FN:204,(anonymous_19)
FN:205,(anonymous_20)
FN:212,(anonymous_21)
FN:213,(anonymous_22)
FN:221,(anonymous_23)
FN:231,(anonymous_24)
FN:232,(anonymous_25)
FN:244,(anonymous_26)
FN:254,(anonymous_27)
FN:261,(anonymous_28)
FN:301,(anonymous_29)
FNF:29
FNH:28
FNDA:1,(anonymous_1)
FNDA:480,(anonymous_2)
FNDA:960,(anonymous_3)
FNDA:1280,(anonymous_4)
FNDA:3040,(anonymous_5)
FNDA:480,(anonymous_6)
FNDA:20,(anonymous_7)
FNDA:0,(anonymous_8)
FNDA:1,(anonymous_9)
FNDA:160,(anonymous_10)
FNDA:160,(anonymous_11)
FNDA:480,(anonymous_12)
FNDA:13,(anonymous_13)
FNDA:10,(anonymous_14)
FNDA:530,(anonymous_15)
FNDA:160,(anonymous_16)
FNDA:6,(anonymous_17)
FNDA:6,(anonymous_18)
FNDA:451,(anonymous_19)
FNDA:451,(anonymous_20)
FNDA:449,(anonymous_21)
FNDA:449,(anonymous_22)
FNDA:160,(anonymous_23)
FNDA:456,(anonymous_24)
FNDA:451,(anonymous_25)
FNDA:91,(anonymous_26)
FNDA:56,(anonymous_27)
FNDA:20,(anonymous_28)
FNDA:530,(anonymous_29)
DA:1,1
DA:2,1
DA:3,1
DA:4,1
DA:6,1
DA:7,480
DA:10,1
DA:11,1
DA:12,1
DA:13,1
DA:15,1
DA:16,1
DA:17,960
DA:18,960
DA:19,960
DA:20,960
DA:21,960
DA:22,5440
DA:24,960
DA:26,960
DA:28,1
DA:29,1280
DA:31,1
DA:32,3040
DA:33,320
DA:35,2720
DA:38,1
DA:39,480
DA:41,1
DA:43,1
DA:44,20
DA:45,20
DA:48,1
DA:49,0
DA:50,0
DA:51,0
DA:52,0
DA:55,0
DA:57,0
DA:60,1
DA:61,1
DA:62,1
DA:63,1
DA:64,20
DA:66,1
DA:68,0
DA:72,1
DA:74,160
DA:115,160
DA:116,1760
DA:119,160
DA:121,160
DA:122,160
DA:123,160
DA:125,160
DA:126,160
DA:130,160
DA:131,480
DA:133,160
DA:168,160
DA:169,1280
DA:172,160
DA:173,160
DA:175,13
DA:176,10
DA:181,160
DA:182,160
DA:183,160
DA:185,160
DA:186,160
DA:187,160
DA:189,160
DA:190,530
DA:195,160
DA:197,6
DA:198,6
DA:203,160
DA:205,451
DA:206,451
DA:210,160
DA:211,160
DA:213,449
DA:214,449
DA:221,1
DA:223,160
DA:225,160
DA:226,160
DA:227,160
DA:230,160
DA:232,456
DA:233,451
DA:237,160
DA:239,160
DA:245,91
DA:246,91
DA:248,0
DA:255,56
DA:262,20
DA:267,160
DA:271,1
DA:276,1
DA:301,1
DA:302,530
DA:303,530
DA:304,47
DA:305,0
DA:308,530
LF:107
LH:98
BRDA:18,1,0,960
BRDA:18,1,1,0
BRDA:32,2,0,320
BRDA:32,2,1,2720
BRDA:44,3,0,20
BRDA:44,3,1,20
BRDA:50,4,0,0
BRDA:50,4,1,0
BRDA:61,5,0,1
BRDA:61,5,1,0
BRDA:190,6,0,530
BRDA:190,6,1,0
BRDA:245,7,0,91
BRDA:245,7,1,0
BRDA:304,8,0,0
BRDA:304,8,1,47
BRF:16
BRH:9
end_of_record
TN:
SF:src/core/parser.js
FN:1,(anonymous_1)
FN:105,(anonymous_2)
FN:110,(anonymous_3)
FN:120,(anonymous_4)
FN:131,parse
FN:162,(anonymous_6)
FN:164,(anonymous_7)
FN:203,(anonymous_8)
FNF:8
FNH:5
FNDA:1,(anonymous_1)
FNDA:530,(anonymous_2)
FNDA:530,(anonymous_3)
FNDA:2,(anonymous_4)
FNDA:620,parse
FNDA:0,(anonymous_6)
FNDA:0,(anonymous_7)
FNDA:0,(anonymous_8)
DA:1,1
DA:2,1
DA:104,1
DA:106,530
DA:107,530
DA:108,530
DA:111,530
DA:112,530
DA:113,530
DA:115,0
DA:118,530
DA:121,2
DA:122,2
DA:124,2
DA:125,2
DA:127,0
DA:131,1
DA:132,620
DA:133,620
DA:134,6
DA:136,614
DA:137,3
DA:139,611
DA:141,449
DA:143,611
DA:144,81
DA:147,530
DA:148,530
DA:149,530
DA:150,528
DA:152,2
DA:157,1
DA:158,1
DA:160,1
DA:162,1
DA:163,0
DA:164,0
DA:165,0
DA:166,0
DA:167,0
DA:168,0
DA:170,0
DA:172,0
DA:173,0
DA:176,0
DA:203,1
DA:204,0
LF:47
LH:34
BRDA:107,1,0,8
BRDA:107,1,1,522
BRDA:107,2,0,530
BRDA:107,2,1,8
BRDA:118,3,0,528
BRDA:118,3,1,2
BRDA:125,4,0,0
BRDA:125,4,1,2
BRDA:125,5,0,2
BRDA:125,5,1,2
BRDA:133,6,0,6
BRDA:133,6,1,614
BRDA:136,7,0,3
BRDA:136,7,1,611
BRDA:139,8,0,449
BRDA:139,8,1,162
BRDA:139,9,0,611
BRDA:139,9,1,596
BRDA:139,9,2,591
BRDA:139,9,3,520
BRDA:141,10,0,449
BRDA:141,10,1,372
BRDA:143,11,0,81
BRDA:143,11,1,530
BRDA:143,12,0,611
BRDA:143,12,1,81
BRDA:149,13,0,528
BRDA:149,13,1,2
BRDA:157,14,0,1
BRDA:157,14,1,0
BRDA:172,15,0,0
BRDA:172,15,1,0
BRF:32
BRH:28
end_of_record
TN:
SF:src/core/extras.js
FN:1,(anonymous_1)
FN:5,(anonymous_2)
FN:82,(anonymous_3)
FN:85,(anonymous_4)
FN:135,(anonymous_5)
FN:143,(anonymous_6)
FN:159,(anonymous_7)
FN:160,(anonymous_8)
FN:175,(anonymous_9)
FN:191,(anonymous_10)
FN:288,(anonymous_11)
FN:289,(anonymous_12)
FN:302,(anonymous_13)
FNF:13
FNH:12
FNDA:1,(anonymous_1)
FNDA:0,(anonymous_2)
FNDA:166,(anonymous_3)
FNDA:81,(anonymous_4)
FNDA:6,(anonymous_5)
FNDA:166,(anonymous_6)
FNDA:8,(anonymous_7)
FNDA:166,(anonymous_8)
FNDA:2,(anonymous_9)
FNDA:2,(anonymous_10)
FNDA:3,(anonymous_11)
FNDA:6,(anonymous_12)
FNDA:3,(anonymous_13)
DA:1,1
DA:2,1
DA:6,0
DA:7,0
DA:9,0
DA:30,1
DA:81,1
DA:83,166
DA:86,81
DA:87,81
DA:89,0
DA:91,0
DA:93,0
DA:95,0
DA:97,0
DA:100,0
DA:102,0
DA:105,0
DA:107,0
DA:110,0
DA:112,0
DA:114,0
DA:116,0
DA:118,0
DA:120,0
DA:121,0
DA:123,0
DA:124,0
DA:126,1
DA:128,0
DA:130,0
DA:132,0
DA:136,6
DA:138,0
DA:140,6
DA:144,166
DA:145,166
DA:146,166
DA:147,85
DA:149,81
DA:151,81
DA:152,1
DA:154,80
DA:159,1
DA:160,8
DA:161,166
DA:175,1
DA:176,2
DA:177,2
DA:191,1
DA:192,2
DA:193,2
DA:288,1
DA:289,3
DA:290,6
DA:291,6
DA:292,0
DA:295,6
DA:296,6
DA:297,6
DA:298,6
DA:302,1
DA:303,3
DA:304,3
DA:305,1
DA:307,2
DA:311,1
DA:312,1
LF:68
LH:42
BRDA:6,1,0,0
BRDA:6,1,1,0
BRDA:87,2,0,0
BRDA:87,2,1,0
BRDA:87,2,2,0
BRDA:87,2,3,0
BRDA:87,2,4,0
BRDA:87,2,5,0
BRDA:87,2,6,0
BRDA:87,2,7,0
BRDA:87,2,8,0
BRDA:87,2,9,0
BRDA:87,2,10,0
BRDA:87,2,11,0
BRDA:87,2,12,0
BRDA:87,2,13,0
BRDA:87,2,14,0
BRDA:87,2,15,0
BRDA:87,2,16,0
BRDA:87,2,17,1
BRDA:87,2,18,0
BRDA:87,2,19,0
BRDA:87,2,20,0
BRDA:97,3,0,0
BRDA:97,3,1,0
BRDA:116,4,0,0
BRDA:116,4,1,0
BRDA:136,5,0,0
BRDA:136,5,1,6
BRDA:144,6,0,166
BRDA:144,6,1,160
BRDA:146,7,0,85
BRDA:146,7,1,81
BRDA:151,8,0,1
BRDA:151,8,1,80
BRDA:291,9,0,0
BRDA:291,9,1,6
BRDA:291,10,0,6
BRDA:291,10,1,6
BRDA:297,11,0,6
BRDA:297,11,1,0
BRDA:304,12,0,1
BRDA:304,12,1,2
BRDA:311,13,0,1
BRDA:311,13,1,0
BRF:45
BRH:15
end_of_record
TN:
SF:src/core/time_period.js
FN:1,(anonymous_1)
FN:4,(anonymous_2)
FN:5,(anonymous_3)
FN:10,(anonymous_4)
FN:11,(anonymous_5)
FN:16,(anonymous_6)
FN:25,(anonymous_7)
FN:26,inc
FN:48,(anonymous_9)
FN:60,(anonymous_10)
FN:85,(anonymous_11)
FNF:11
FNH:4
FNDA:1,(anonymous_1)
FNDA:7,(anonymous_2)
FNDA:0,(anonymous_3)
FNDA:7,(anonymous_4)
FNDA:0,(anonymous_5)
FNDA:1,(anonymous_6)
FNDA:0,(anonymous_7)
FNDA:0,inc
FNDA:0,(anonymous_9)
FNDA:0,(anonymous_10)
FNDA:0,(anonymous_11)
DA:1,1
DA:3,1
DA:4,1
DA:5,7
DA:6,0
DA:10,1
DA:11,7
DA:12,0
DA:13,0
DA:16,1
DA:17,1
DA:18,7
DA:19,7
DA:20,7
DA:21,7
DA:25,1
DA:26,1
DA:27,0
DA:28,0
DA:29,0
DA:30,0
DA:31,0
DA:34,0
DA:35,0
DA:36,0
DA:39,0
DA:40,0
DA:43,0
DA:44,0
DA:45,0
DA:48,1
DA:49,0
DA:50,0
DA:51,0
DA:52,0
DA:53,0
DA:60,1
DA:61,0
DA:62,0
DA:63,0
DA:64,0
DA:65,0
DA:66,0
DA:67,0
DA:72,0
DA:73,0
DA:75,0
DA:76,0
DA:77,0
DA:78,0
DA:81,0
DA:84,1
DA:85,1
DA:86,0
DA:87,0
DA:88,0
DA:89,0
DA:90,0
DA:91,0
DA:92,0
DA:95,1
DA:97,1
DA:99,1
LF:63
LH:21
BRDA:29,1,0,0
BRDA:29,1,1,0
BRDA:34,2,0,0
BRDA:34,2,1,0
BRDA:50,3,0,0
BRDA:50,3,1,0
BRDA:50,4,0,0
BRDA:50,4,1,0
BRDA:52,5,0,0
BRDA:52,5,1,0
BRDA:61,6,0,0
BRDA:61,6,1,0
BRDA:63,7,0,0
BRDA:63,7,1,0
BRDA:63,8,0,0
BRDA:63,8,1,0
BRDA:63,8,2,0
BRDA:66,9,0,0
BRDA:66,9,1,0
BRDA:76,10,0,0
BRDA:76,10,1,0
BRDA:86,11,0,0
BRDA:86,11,1,0
BRDA:87,12,0,0
BRDA:87,12,1,0
BRDA:88,13,0,0
BRDA:88,13,1,0
BRDA:89,14,0,0
BRDA:89,14,1,0
BRDA:90,15,0,0
BRDA:90,15,1,0
BRDA:91,16,0,0
BRDA:91,16,1,0
BRDA:92,17,0,0
BRDA:92,17,1,0
BRDA:97,18,0,1
BRDA:97,18,1,0
BRF:37
BRH:1
end_of_record
TN:
SF:src/core/time_span.js
FN:1,(anonymous_1)
FN:3,(anonymous_2)
FN:4,(anonymous_3)
FN:9,(anonymous_4)
FN:10,(anonymous_5)
FN:16,(anonymous_6)
FN:29,(anonymous_7)
FN:46,(anonymous_8)
FN:53,(anonymous_9)
FN:64,(anonymous_10)
FN:68,(anonymous_11)
FN:72,(anonymous_12)
FN:76,(anonymous_13)
FN:80,(anonymous_14)
FN:84,(anonymous_15)
FN:88,(anonymous_16)
FN:92,(anonymous_17)
FN:96,(anonymous_18)
FN:100,(anonymous_19)
FN:104,(anonymous_20)
FN:105,(anonymous_21)
FN:113,(anonymous_22)
FN:120,(anonymous_23)
FN:153,(anonymous_24)
FN:166,(anonymous_25)
FNF:25
FNH:4
FNDA:1,(anonymous_1)
FNDA:5,(anonymous_2)
FNDA:0,(anonymous_3)
FNDA:5,(anonymous_4)
FNDA:0,(anonymous_5)
FNDA:1,(anonymous_6)
FNDA:0,(anonymous_7)
FNDA:0,(anonymous_8)
FNDA:0,(anonymous_9)
FNDA:0,(anonymous_10)
FNDA:0,(anonymous_11)
FNDA:0,(anonymous_12)
FNDA:0,(anonymous_13)
FNDA:0,(anonymous_14)
FNDA:0,(anonymous_15)
FNDA:0,(anonymous_16)
FNDA:0,(anonymous_17)
FNDA:0,(anonymous_18)
FNDA:0,(anonymous_19)
FNDA:0,(anonymous_20)
FNDA:0,(anonymous_21)
FNDA:0,(anonymous_22)
FNDA:0,(anonymous_23)
FNDA:0,(anonymous_24)
FNDA:0,(anonymous_25)
DA:1,1
DA:3,1
DA:4,5
DA:5,0
DA:9,1
DA:10,5
DA:11,0
DA:12,0
DA:15,1
DA:16,1
DA:17,1
DA:18,5
DA:19,5
DA:20,5
DA:21,5
DA:29,1
DA:30,0
DA:31,0
DA:32,0
DA:33,0
DA:34,0
DA:35,0
DA:36,0
DA:37,0
DA:38,0
DA:39,0
DA:40,0
DA:41,0
DA:43,0
DA:46,0
DA:47,0
DA:53,0
DA:54,0
DA:55,0
DA:56,0
DA:59,0
DA:61,0
DA:64,0
DA:65,0
DA:68,0
DA:69,0
DA:72,0
DA:73,0
DA:76,0
DA:77,0
DA:80,0
DA:81,0
DA:84,0
DA:85,0
DA:88,0
DA:89,0
DA:92,0
DA:93,0
DA:96,0
DA:97,0
DA:100,0
DA:101,0
DA:104,0
DA:105,0
DA:106,0
DA:107,0
DA:109,0
DA:113,0
DA:114,0
DA:117,0
DA:119,0
DA:121,0
DA:123,0
DA:125,0
DA:127,0
DA:129,0
DA:131,0
DA:133,0
DA:135,0
DA:137,0
DA:139,0
DA:141,0
DA:143,0
DA:145,0
DA:150,0
DA:152,1
DA:153,1
DA:154,0
DA:155,0
DA:156,0
DA:157,0
DA:158,0
DA:166,1
DA:167,0
DA:170,1
DA:172,1
DA:174,1
LF:92
LH:19
BRDA:30,1,0,0
BRDA:30,1,1,0
BRDA:30,2,0,0
BRDA:30,2,1,0
BRDA:31,3,0,0
BRDA:31,3,1,0
BRDA:55,4,0,0
BRDA:55,4,1,0
BRDA:61,5,0,0
BRDA:61,5,1,0
BRDA:61,6,0,0
BRDA:61,6,1,0
BRDA:69,7,0,0
BRDA:69,7,1,0
BRDA:73,8,0,0
BRDA:73,8,1,0
BRDA:97,9,0,0
BRDA:97,9,1,0
BRDA:97,10,0,0
BRDA:97,10,1,0
BRDA:101,11,0,0
BRDA:101,11,1,0
BRDA:106,12,0,0
BRDA:106,12,1,0
BRDA:106,13,0,0
BRDA:106,13,1,0
BRDA:114,14,0,0
BRDA:114,14,1,0
BRDA:119,15,0,0
BRDA:119,15,1,0
BRDA:121,16,0,0
BRDA:121,16,1,0
BRDA:121,16,2,0
BRDA:121,16,3,0
BRDA:121,16,4,0
BRDA:121,16,5,0
BRDA:121,16,6,0
BRDA:121,16,7,0
BRDA:121,16,8,0
BRDA:121,16,9,0
BRDA:121,16,10,0
BRDA:121,16,11,0
BRDA:143,17,0,0
BRDA:143,17,1,0
BRDA:145,18,0,0
BRDA:145,18,1,0
BRDA:154,19,0,0
BRDA:154,19,1,0
BRDA:155,20,0,0
BRDA:155,20,1,0
BRDA:156,21,0,0
BRDA:156,21,1,0
BRDA:157,22,0,0
BRDA:157,22,1,0
BRDA:158,23,0,0
BRDA:158,23,1,0
BRDA:172,24,0,1
BRDA:172,24,1,0
BRF:58
BRH:1
end_of_record
